<?xml version="1.0" encoding="UTF-8"?>
<testng-results ignored="0" total="1" passed="1" failed="0" skipped="0">
  <reporter-output>
  </reporter-output>
  <suite started-at="2023-08-12T04:20:13 IST" name="Suite" finished-at="2023-08-12T04:20:25 IST" duration-ms="12109">
    <groups>
    </groups>
    <test started-at="2023-08-12T04:20:13 IST" name="Test" finished-at="2023-08-12T04:20:25 IST" duration-ms="12109">
      <class name="test.SearchTest">
        <test-method is-config="true" signature="openUrl()[pri:0, instance:test.SearchTest@6eda5c9]" started-at="2023-08-12T04:20:13 IST" name="openUrl" finished-at="2023-08-12T04:20:20 IST" duration-ms="6824" status="PASS">
          <reporter-output>
          </reporter-output>
        </test-method> <!-- openUrl -->
        <test-method signature="search()[pri:0, instance:test.SearchTest@6eda5c9]" started-at="2023-08-12T04:20:20 IST" name="search" finished-at="2023-08-12T04:20:25 IST" duration-ms="4923" status="PASS">
          <reporter-output>
          </reporter-output>
        </test-method> <!-- search -->
        <test-method is-config="true" signature="close()[pri:0, instance:test.SearchTest@6eda5c9]" started-at="2023-08-12T04:20:25 IST" name="close" finished-at="2023-08-12T04:20:25 IST" duration-ms="325" status="PASS">
          <reporter-output>
          </reporter-output>
        </test-method> <!-- close -->
      </class> <!-- test.SearchTest -->
    </test> <!-- Test -->
  </suite> <!-- Suite -->
</testng-results>
